drawing-with-touch/build/outputs/logs/manifest-merger-debug-report.txt
-- Merging decision tree log ---
manifest
ADDED from src/main/AndroidManifest.xml:2:1-70:12
	package
		ADDED from src/main/AndroidManifest.xml:3:5-50
		INJECTED from src/main/AndroidManifest.xml
		INJECTED from src/main/AndroidManifest.xml
	android:versionName
		INJECTED from src/main/AndroidManifest.xml
		INJECTED from src/main/AndroidManifest.xml
	xmlns:android
		ADDED from src/main/AndroidManifest.xml:2:11-69
	android:versionCode
		INJECTED from src/main/AndroidManifest.xml
		INJECTED from src/main/AndroidManifest.xml
uses-feature#0x00020000
ADDED from src/main/AndroidManifest.xml:5:5-7:35
	android:glEsVersion
		ADDED from src/main/AndroidManifest.xml:6:9-41
	android:required
		ADDED from src/main/AndroidManifest.xml:7:9-32
uses-permission#adroid.permission.CAMERA
ADDED from src/main/AndroidManifest.xml:9:5-64
	android:name
		ADDED from src/main/AndroidManifest.xml:9:22-61
uses-permission#android.permission.WRITE_EXTERNAL_STORAGE
ADDED from src/main/AndroidManifest.xml:10:5-81
	android:name
		ADDED from src/main/AndroidManifest.xml:10:22-78
application
ADDED from src/main/AndroidManifest.xml:12:5-68:19
	android:label
		ADDED from src/main/AndroidManifest.xml:16:9-41
	android:hardwareAccelerated
		ADDED from src/main/AndroidManifest.xml:14:9-44
	android:allowBackup
		ADDED from src/main/AndroidManifest.xml:13:9-35
	android:icon
		ADDED from src/main/AndroidManifest.xml:15:9-45
	android:theme
		ADDED from src/main/AndroidManifest.xml:17:9-40
activity#com.wacom.ink.samples.drawwithtouch.DrawWithTouchPart01
ADDED from src/main/AndroidManifest.xml:18:9-23:20
	android:label
		ADDED from src/main/AndroidManifest.xml:19:13-42
	android:exported
		ADDED from src/main/AndroidManifest.xml:21:13-36
	android:configChanges
		ADDED from src/main/AndroidManifest.xml:22:13-74
	android:name
		ADDED from src/main/AndroidManifest.xml:20:13-48
activity#com.wacom.ink.samples.drawwithtouch.DrawWithTouchPart02
ADDED from src/main/AndroidManifest.xml:24:9-29:20
	android:label
		ADDED from src/main/AndroidManifest.xml:25:13-42
	android:exported
		ADDED from src/main/AndroidManifest.xml:27:13-36
	android:configChanges
		ADDED from src/main/AndroidManifest.xml:28:13-74
	android:name
		ADDED from src/main/AndroidManifest.xml:26:13-48
activity#com.wacom.ink.samples.drawwithtouch.DrawWithTouchPart03
ADDED from src/main/AndroidManifest.xml:30:9-35:20
	android:label
		ADDED from src/main/AndroidManifest.xml:31:13-42
	android:exported
		ADDED from src/main/AndroidManifest.xml:33:13-36
	android:configChanges
		ADDED from src/main/AndroidManifest.xml:34:13-74
	android:name
		ADDED from src/main/AndroidManifest.xml:32:13-48
activity#com.wacom.ink.samples.drawwithtouch.DrawWithTouchPart04
ADDED from src/main/AndroidManifest.xml:36:9-41:20
	android:label
		ADDED from src/main/AndroidManifest.xml:37:13-42
	android:exported
		ADDED from src/main/AndroidManifest.xml:39:13-36
	android:configChanges
		ADDED from src/main/AndroidManifest.xml:40:13-74
	android:name
		ADDED from src/main/AndroidManifest.xml:38:13-48
activity#com.wacom.ink.samples.drawwithtouch.DrawWithTouchPart05
ADDED from src/main/AndroidManifest.xml:42:9-47:20
	android:label
		ADDED from src/main/AndroidManifest.xml:43:13-42
	android:exported
		ADDED from src/main/AndroidManifest.xml:45:13-36
	android:configChanges
		ADDED from src/main/AndroidManifest.xml:46:13-74
	android:name
		ADDED from src/main/AndroidManifest.xml:44:13-48
activity#com.wacom.ink.samples.drawwithtouch.DrawWithTouchPart06
ADDED from src/main/AndroidManifest.xml:48:9-53:20
	android:label
		ADDED from src/main/AndroidManifest.xml:49:13-42
	android:exported
		ADDED from src/main/AndroidManifest.xml:51:13-36
	android:configChanges
		ADDED from src/main/AndroidManifest.xml:52:13-74
	android:name
		ADDED from src/main/AndroidManifest.xml:50:13-48
activity#com.wacom.ink.samples.drawwithtouch.DrawWithTouchPart07
ADDED from src/main/AndroidManifest.xml:54:9-59:20
	android:label
		ADDED from src/main/AndroidManifest.xml:55:13-42
	android:exported
		ADDED from src/main/AndroidManifest.xml:57:13-36
	android:configChanges
		ADDED from src/main/AndroidManifest.xml:58:13-74
	android:name
		ADDED from src/main/AndroidManifest.xml:56:13-48
activity#com.wacom.ink.samples.drawwithtouch.MainActivity
ADDED from src/main/AndroidManifest.xml:60:9-67:20
	android:label
		ADDED from src/main/AndroidManifest.xml:62:13-56
	android:name
		ADDED from src/main/AndroidManifest.xml:61:13-41
intent-filter#android.intent.action.MAIN+android.intent.category.LAUNCHER
ADDED from src/main/AndroidManifest.xml:63:13-66:29
action#android.intent.action.MAIN
ADDED from src/main/AndroidManifest.xml:64:17-69
	android:name
		ADDED from src/main/AndroidManifest.xml:64:25-66
category#android.intent.category.LAUNCHER
ADDED from src/main/AndroidManifest.xml:65:17-77
	android:name
		ADDED from src/main/AndroidManifest.xml:65:27-74
uses-sdk
INJECTED from src/main/AndroidManifest.xml reason: use-sdk injection requested
MERGED from [will-tutorils:will-sdk:unspecified] AndroidManifest.xml:7:5-9:41
	android:targetSdkVersion
		INJECTED from src/main/AndroidManifest.xml
		INJECTED from src/main/AndroidManifest.xml
	android:minSdkVersion
		INJECTED from src/main/AndroidManifest.xml
		INJECTED from src/main/AndroidManifest.xml